# JRE version: OpenJDK Runtime Environment (17.0.10) (build 17.0.10+0-17.0.10b1087.21-11572160)
# Java VM: OpenJDK 64-Bit Server VM (17.0.10+0-17.0.10b1087.21-11572160, mixed mode, tiered, compressed oops, compressed class ptrs, g1 gc, bsd-amd64)
GC Precious Log:
 CPUs: 8 total, 8 available
 Memory: 16384M
 Large Page Support: Disabled
 NUMA Support: Disabled
 Compressed Oops: Enabled (Zero based)
 Heap Region Size: 1M
 Heap Min Capacity: 8M
 Heap Initial Capacity: 256M
 Heap Max Capacity: 2G
 Pre-touch: Disabled
 Parallel Workers: 8
 Concurrent Workers: 2
 Concurrent Refinement Workers: 8
 Periodic GC: Disabled
Heap:
 garbage-first heap   total 356352K, used 258162K [0x0000000780000000, 0x0000000800000000)
  region size 1024K, 112 young (114688K), 9 survivors (9216K)
 Metaspace       used 140009K, committed 141056K, reserved 1179648K
  class space    used 20110K, committed 20608K, reserved 1048576K
GC Heap History (20 events):
Event: 18.368 GC heap before
{Heap before GC invocations=29 (full 0):
 garbage-first heap   total 217088K, used 159796K [0x0000000780000000, 0x0000000800000000)
  region size 1024K, 47 young (48128K), 2 survivors (2048K)
 Metaspace       used 91892K, committed 92544K, reserved 1179648K
  class space    used 12920K, committed 13248K, reserved 1048576K
}
Event: 18.375 GC heap after
{Heap after GC invocations=30 (full 0):
 garbage-first heap   total 217088K, used 121815K [0x0000000780000000, 0x0000000800000000)
  region size 1024K, 6 young (6144K), 6 survivors (6144K)
 Metaspace       used 91892K, committed 92544K, reserved 1179648K
  class space    used 12920K, committed 13248K, reserved 1048576K
}
Event: 18.714 GC heap before
{Heap before GC invocations=31 (full 0):
 garbage-first heap   total 217088K, used 150487K [0x0000000780000000, 0x0000000800000000)
  region size 1024K, 48 young (49152K), 6 survivors (6144K)
 Metaspace       used 93054K, committed 93760K, reserved 1179648K
  class space    used 13050K, committed 13376K, reserved 1048576K
}
Event: 18.721 GC heap after
{Heap after GC invocations=32 (full 0):
 garbage-first heap   total 217088K, used 112451K [0x0000000780000000, 0x0000000800000000)
  region size 1024K, 5 young (5120K), 5 survivors (5120K)
 Metaspace       used 93054K, committed 93760K, reserved 1179648K
  class space    used 13050K, committed 13376K, reserved 1048576K
}
Event: 18.758 GC heap before
{Heap before GC invocations=32 (full 0):
 garbage-first heap   total 217088K, used 116547K [0x0000000780000000, 0x0000000800000000)
  region size 1024K, 10 young (10240K), 5 survivors (5120K)
 Metaspace       used 93228K, committed 93888K, reserved 1179648K
  class space    used 13067K, committed 13376K, reserved 1048576K
}
Event: 18.764 GC heap after
{Heap after GC invocations=33 (full 0):
 garbage-first heap   total 356352K, used 104512K [0x0000000780000000, 0x0000000800000000)
  region size 1024K, 1 young (1024K), 1 survivors (1024K)
 Metaspace       used 93228K, committed 93888K, reserved 1179648K
  class space    used 13067K, committed 13376K, reserved 1048576K
}
Event: 21.665 GC heap before
{Heap before GC invocations=33 (full 0):
 garbage-first heap   total 356352K, used 236608K [0x0000000780000000, 0x0000000800000000)
  region size 1024K, 131 young (134144K), 1 survivors (1024K)
 Metaspace       used 98244K, committed 98880K, reserved 1179648K
  class space    used 13737K, committed 14080K, reserved 1048576K
}
Event: 21.677 GC heap after
{Heap after GC invocations=34 (full 0):
 garbage-first heap   total 356352K, used 114959K [0x0000000780000000, 0x0000000800000000)
  region size 1024K, 12 young (12288K), 12 survivors (12288K)
 Metaspace       used 98244K, committed 98880K, reserved 1179648K
  class space    used 13737K, committed 14080K, reserved 1048576K
}
Event: 35.673 GC heap before
{Heap before GC invocations=34 (full 0):
 garbage-first heap   total 356352K, used 255247K [0x0000000780000000, 0x0000000800000000)
  region size 1024K, 148 young (151552K), 12 survivors (12288K)
 Metaspace       used 111781K, committed 112576K, reserved 1179648K
  class space    used 15623K, committed 16000K, reserved 1048576K
}
Event: 35.686 GC heap after
{Heap after GC invocations=35 (full 0):
 garbage-first heap   total 356352K, used 128076K [0x0000000780000000, 0x0000000800000000)
  region size 1024K, 12 young (12288K), 12 survivors (12288K)
 Metaspace       used 111781K, committed 112576K, reserved 1179648K
  class space    used 15623K, committed 16000K, reserved 1048576K
}
Event: 36.924 GC heap before
{Heap before GC invocations=35 (full 0):
 garbage-first heap   total 356352K, used 265292K [0x0000000780000000, 0x0000000800000000)
  region size 1024K, 145 young (148480K), 12 survivors (12288K)
 Metaspace       used 127347K, committed 128192K, reserved 1179648K
  class space    used 18586K, committed 19008K, reserved 1048576K
}
Event: 36.938 GC heap after
{Heap after GC invocations=36 (full 0):
 garbage-first heap   total 356352K, used 139047K [0x0000000780000000, 0x0000000800000000)
  region size 1024K, 14 young (14336K), 14 survivors (14336K)
 Metaspace       used 127347K, committed 128192K, reserved 1179648K
  class space    used 18586K, committed 19008K, reserved 1048576K
}
Event: 78.697 GC heap before
{Heap before GC invocations=36 (full 0):
 garbage-first heap   total 356352K, used 281383K [0x0000000780000000, 0x0000000800000000)
  region size 1024K, 141 young (144384K), 14 survivors (14336K)
 Metaspace       used 132533K, committed 133376K, reserved 1179648K
  class space    used 19316K, committed 19712K, reserved 1048576K
}
Event: 78.710 GC heap after
{Heap after GC invocations=37 (full 0):
 garbage-first heap   total 356352K, used 139509K [0x0000000780000000, 0x0000000800000000)
  region size 1024K, 10 young (10240K), 10 survivors (10240K)
 Metaspace       used 132533K, committed 133376K, reserved 1179648K
  class space    used 19316K, committed 19712K, reserved 1048576K
}
Event: 745.744 GC heap before
{Heap before GC invocations=37 (full 0):
 garbage-first heap   total 356352K, used 284917K [0x0000000780000000, 0x0000000800000000)
  region size 1024K, 142 young (145408K), 10 survivors (10240K)
 Metaspace       used 138256K, committed 139264K, reserved 1179648K
  class space    used 20026K, committed 20480K, reserved 1048576K
}
Event: 745.756 GC heap after
{Heap after GC invocations=38 (full 0):
 garbage-first heap   total 356352K, used 142688K [0x0000000780000000, 0x0000000800000000)
  region size 1024K, 13 young (13312K), 13 survivors (13312K)
 Metaspace       used 138256K, committed 139264K, reserved 1179648K
  class space    used 20026K, committed 20480K, reserved 1048576K
}
Event: 801.570 GC heap before
{Heap before GC invocations=38 (full 0):
 garbage-first heap   total 356352K, used 298336K [0x0000000780000000, 0x0000000800000000)
  region size 1024K, 144 young (147456K), 13 survivors (13312K)
 Metaspace       used 139229K, committed 140288K, reserved 1179648K
  class space    used 20092K, committed 20608K, reserved 1048576K
}
Event: 801.576 GC heap after
{Heap after GC invocations=39 (full 0):
 garbage-first heap   total 356352K, used 137784K [0x0000000780000000, 0x0000000800000000)
  region size 1024K, 3 young (3072K), 3 survivors (3072K)
 Metaspace       used 139229K, committed 140288K, reserved 1179648K
  class space    used 20092K, committed 20608K, reserved 1048576K
}
Event: 826.830 GC heap before
{Heap before GC invocations=39 (full 0):
 garbage-first heap   total 356352K, used 292407K [0x0000000780000000, 0x0000000800000000)
  region size 1024K, 144 young (147456K), 3 survivors (3072K)
 Metaspace       used 139748K, committed 140800K, reserved 1179648K
  class space    used 20107K, committed 20608K, reserved 1048576K
}
Event: 826.838 GC heap after
{Heap after GC invocations=40 (full 0):
 garbage-first heap   total 356352K, used 143474K [0x0000000780000000, 0x0000000800000000)
  region size 1024K, 9 young (9216K), 9 survivors (9216K)
 Metaspace       used 139748K, committed 140800K, reserved 1179648K
  class space    used 20107K, committed 20608K, reserved 1048576K
}

